.
----------------------------------------------------------------------
Ran 1 test in 0.008s

OK
.
----------------------------------------------------------------------
Ran 1 test in 0.008s

OK
/home/leo/.local/lib/python3.6/site-packages/sklearn/linear_model/_logistic.py:762: ConvergenceWarning: lbfgs failed to converge (status=1):
STOP: TOTAL NO. of ITERATIONS REACHED LIMIT.

Increase the number of iterations (max_iter) or scale the data as shown in:
    https://scikit-learn.org/stable/modules/preprocessing.html
Please also refer to the documentation for alternative solver options:
    https://scikit-learn.org/stable/modules/linear_model.html#logistic-regression
  extra_warning_msg=_LOGISTIC_SOLVER_CONVERGENCE_MSG)
/home/leo/.local/lib/python3.6/site-packages/sklearn/linear_model/_logistic.py:762: ConvergenceWarning: lbfgs failed to converge (status=1):
STOP: TOTAL NO. of ITERATIONS REACHED LIMIT.

Increase the number of iterations (max_iter) or scale the data as shown in:
    https://scikit-learn.org/stable/modules/preprocessing.html
Please also refer to the documentation for alternative solver options:
    https://scikit-learn.org/stable/modules/linear_model.html#logistic-regression
  extra_warning_msg=_LOGISTIC_SOLVER_CONVERGENCE_MSG)
/home/leo/.local/lib/python3.6/site-packages/sklearn/linear_model/_logistic.py:762: ConvergenceWarning: lbfgs failed to converge (status=1):
STOP: TOTAL NO. of ITERATIONS REACHED LIMIT.

Increase the number of iterations (max_iter) or scale the data as shown in:
    https://scikit-learn.org/stable/modules/preprocessing.html
Please also refer to the documentation for alternative solver options:
    https://scikit-learn.org/stable/modules/linear_model.html#logistic-regression
  extra_warning_msg=_LOGISTIC_SOLVER_CONVERGENCE_MSG)
/home/leo/.local/lib/python3.6/site-packages/sklearn/linear_model/_logistic.py:762: ConvergenceWarning: lbfgs failed to converge (status=1):
STOP: TOTAL NO. of ITERATIONS REACHED LIMIT.

Increase the number of iterations (max_iter) or scale the data as shown in:
    https://scikit-learn.org/stable/modules/preprocessing.html
Please also refer to the documentation for alternative solver options:
    https://scikit-learn.org/stable/modules/linear_model.html#logistic-regression
  extra_warning_msg=_LOGISTIC_SOLVER_CONVERGENCE_MSG)
/home/leo/.local/lib/python3.6/site-packages/sklearn/linear_model/_logistic.py:762: ConvergenceWarning: lbfgs failed to converge (status=1):
STOP: TOTAL NO. of ITERATIONS REACHED LIMIT.

Increase the number of iterations (max_iter) or scale the data as shown in:
    https://scikit-learn.org/stable/modules/preprocessing.html
Please also refer to the documentation for alternative solver options:
    https://scikit-learn.org/stable/modules/linear_model.html#logistic-regression
  extra_warning_msg=_LOGISTIC_SOLVER_CONVERGENCE_MSG)
/home/leo/.local/lib/python3.6/site-packages/sklearn/linear_model/_logistic.py:762: ConvergenceWarning: lbfgs failed to converge (status=1):
STOP: TOTAL NO. of ITERATIONS REACHED LIMIT.

Increase the number of iterations (max_iter) or scale the data as shown in:
    https://scikit-learn.org/stable/modules/preprocessing.html
Please also refer to the documentation for alternative solver options:
    https://scikit-learn.org/stable/modules/linear_model.html#logistic-regression
  extra_warning_msg=_LOGISTIC_SOLVER_CONVERGENCE_MSG)
/home/leo/.local/lib/python3.6/site-packages/sklearn/linear_model/_logistic.py:762: ConvergenceWarning: lbfgs failed to converge (status=1):
STOP: TOTAL NO. of ITERATIONS REACHED LIMIT.

Increase the number of iterations (max_iter) or scale the data as shown in:
    https://scikit-learn.org/stable/modules/preprocessing.html
Please also refer to the documentation for alternative solver options:
    https://scikit-learn.org/stable/modules/linear_model.html#logistic-regression
  extra_warning_msg=_LOGISTIC_SOLVER_CONVERGENCE_MSG)
/home/leo/.local/lib/python3.6/site-packages/sklearn/linear_model/_logistic.py:762: ConvergenceWarning: lbfgs failed to converge (status=1):
STOP: TOTAL NO. of ITERATIONS REACHED LIMIT.

Increase the number of iterations (max_iter) or scale the data as shown in:
    https://scikit-learn.org/stable/modules/preprocessing.html
Please also refer to the documentation for alternative solver options:
    https://scikit-learn.org/stable/modules/linear_model.html#logistic-regression
  extra_warning_msg=_LOGISTIC_SOLVER_CONVERGENCE_MSG)
.
----------------------------------------------------------------------
Ran 1 test in 67.541s

OK
.
----------------------------------------------------------------------
Ran 1 test in 0.002s

OK
.
----------------------------------------------------------------------
Ran 1 test in 0.002s

OK
.
----------------------------------------------------------------------
Ran 1 test in 0.002s

OK
.
----------------------------------------------------------------------
Ran 1 test in 0.002s

OK
.
----------------------------------------------------------------------
Ran 1 test in 0.002s

OK
.
----------------------------------------------------------------------
Ran 1 test in 0.002s

OK
.
----------------------------------------------------------------------
Ran 1 test in 0.001s

OK
.
----------------------------------------------------------------------
Ran 1 test in 0.002s

OK
.
----------------------------------------------------------------------
Ran 1 test in 0.002s

OK
.
----------------------------------------------------------------------
Ran 1 test in 0.002s

OK
.
----------------------------------------------------------------------
Ran 1 test in 0.001s

OK
.
----------------------------------------------------------------------
Ran 1 test in 0.002s

OK
[[14.0, 11.0, 0.0, 0.0], [11.0, 11.0, 13.0, 0.0]]
[[14.0, 11.0, 0.0, 0.0], [11.0, 11.0, 13.0, 0.0]]
.
----------------------------------------------------------------------
Ran 1 test in 0.002s

OK
.
----------------------------------------------------------------------
Ran 1 test in 0.008s

OK
.
----------------------------------------------------------------------
Ran 1 test in 0.008s

OK
